192.168.0.100 - - [14/Dec/2020:22:37:47 +0800] "GET /nacos/v1/cs/health HTTP/1.1" 200 2 160 Apache-HttpAsyncClient/4.1.3 (Java/1.8.0_202)
192.168.0.100 - - [14/Dec/2020:22:37:51 +0800] "GET /nacos/v1/cs/health HTTP/1.1" 200 2 4 Apache-HttpAsyncClient/4.1.3 (Java/1.8.0_202)
192.168.0.100 - - [14/Dec/2020:22:37:56 +0800] "GET /nacos/v1/cs/health HTTP/1.1" 200 2 8 Apache-HttpAsyncClient/4.1.3 (Java/1.8.0_202)
192.168.0.100 - - [14/Dec/2020:22:38:01 +0800] "GET /nacos/v1/cs/health HTTP/1.1" 200 2 6 Apache-HttpAsyncClient/4.1.3 (Java/1.8.0_202)
192.168.0.100 - - [14/Dec/2020:22:38:06 +0800] "GET /nacos/v1/cs/health HTTP/1.1" 200 2 3 Apache-HttpAsyncClient/4.1.3 (Java/1.8.0_202)
192.168.0.100 - - [14/Dec/2020:22:38:11 +0800] "GET /nacos/v1/cs/health HTTP/1.1" 200 2 5 Apache-HttpAsyncClient/4.1.3 (Java/1.8.0_202)
192.168.0.100 - - [14/Dec/2020:22:38:16 +0800] "GET /nacos/v1/cs/health HTTP/1.1" 200 2 6 Apache-HttpAsyncClient/4.1.3 (Java/1.8.0_202)
0:0:0:0:0:0:0:1 - - [14/Dec/2020:22:38:17 +0800] "GET /nacos HTTP/1.1" 302 - 0 Mozilla/5.0 (Windows NT 6.1; WOW64) AppleWebKit/537.36 (KHTML, like Gecko) Chrome/78.0.3904.108 Safari/537.36
0:0:0:0:0:0:0:1 - - [14/Dec/2020:22:38:17 +0800] "GET /nacos/ HTTP/1.1" 200 2611 278 Mozilla/5.0 (Windows NT 6.1; WOW64) AppleWebKit/537.36 (KHTML, like Gecko) Chrome/78.0.3904.108 Safari/537.36
0:0:0:0:0:0:0:1 - - [14/Dec/2020:22:38:17 +0800] "GET /nacos/console-fe/public/css/codemirror.css HTTP/1.1" 200 8849 9 Mozilla/5.0 (Windows NT 6.1; WOW64) AppleWebKit/537.36 (KHTML, like Gecko) Chrome/78.0.3904.108 Safari/537.36
0:0:0:0:0:0:0:1 - - [14/Dec/2020:22:38:17 +0800] "GET /nacos/console-fe/public/css/merge.css HTTP/1.1" 200 3857 5 Mozilla/5.0 (Windows NT 6.1; WOW64) AppleWebKit/537.36 (KHTML, like Gecko) Chrome/78.0.3904.108 Safari/537.36
0:0:0:0:0:0:0:1 - - [14/Dec/2020:22:38:17 +0800] "GET /nacos/console-fe/public/css/icon.css HTTP/1.1" 200 5166 54 Mozilla/5.0 (Windows NT 6.1; WOW64) AppleWebKit/537.36 (KHTML, like Gecko) Chrome/78.0.3904.108 Safari/537.36
0:0:0:0:0:0:0:1 - - [14/Dec/2020:22:38:17 +0800] "GET /nacos/console-fe/public/css/font-awesome.css HTTP/1.1" 200 33841 79 Mozilla/5.0 (Windows NT 6.1; WOW64) AppleWebKit/537.36 (KHTML, like Gecko) Chrome/78.0.3904.108 Safari/537.36
0:0:0:0:0:0:0:1 - - [14/Dec/2020:22:38:18 +0800] "GET /nacos/console-fe/public/css/bootstrap.css HTTP/1.1" 200 123285 303 Mozilla/5.0 (Windows NT 6.1; WOW64) AppleWebKit/537.36 (KHTML, like Gecko) Chrome/78.0.3904.108 Safari/537.36
0:0:0:0:0:0:0:1 - - [14/Dec/2020:22:38:18 +0800] "GET /nacos/console-fe/public/js/javascript.js HTTP/1.1" 200 32200 39 Mozilla/5.0 (Windows NT 6.1; WOW64) AppleWebKit/537.36 (KHTML, like Gecko) Chrome/78.0.3904.108 Safari/537.36
0:0:0:0:0:0:0:1 - - [14/Dec/2020:22:38:18 +0800] "GET /nacos/console-fe/public/css/console1412.css HTTP/1.1" 200 156959 292 Mozilla/5.0 (Windows NT 6.1; WOW64) AppleWebKit/537.36 (KHTML, like Gecko) Chrome/78.0.3904.108 Safari/537.36
0:0:0:0:0:0:0:1 - - [14/Dec/2020:22:38:18 +0800] "GET /nacos/console-fe/public/js/jquery.js HTTP/1.1" 200 86658 138 Mozilla/5.0 (Windows NT 6.1; WOW64) AppleWebKit/537.36 (KHTML, like Gecko) Chrome/78.0.3904.108 Safari/537.36
0:0:0:0:0:0:0:1 - - [14/Dec/2020:22:38:18 +0800] "GET /nacos/console-fe/public/js/codemirror.addone.fullscreen.js HTTP/1.1" 200 1973 17 Mozilla/5.0 (Windows NT 6.1; WOW64) AppleWebKit/537.36 (KHTML, like Gecko) Chrome/78.0.3904.108 Safari/537.36
0:0:0:0:0:0:0:1 - - [14/Dec/2020:22:38:18 +0800] "GET /nacos/console-fe/public/js/xml.js HTTP/1.1" 200 13050 6 Mozilla/5.0 (Windows NT 6.1; WOW64) AppleWebKit/537.36 (KHTML, like Gecko) Chrome/78.0.3904.108 Safari/537.36
0:0:0:0:0:0:0:1 - - [14/Dec/2020:22:38:18 +0800] "GET /nacos/console-fe/public/js/codemirror.lib.json-lint.js HTTP/1.1" 200 16797 5 Mozilla/5.0 (Windows NT 6.1; WOW64) AppleWebKit/537.36 (KHTML, like Gecko) Chrome/78.0.3904.108 Safari/537.36
0:0:0:0:0:0:0:1 - - [14/Dec/2020:22:38:18 +0800] "GET /nacos/console-fe/public/js/codemirror.addone.lint.js HTTP/1.1" 200 8511 28 Mozilla/5.0 (Windows NT 6.1; WOW64) AppleWebKit/537.36 (KHTML, like Gecko) Chrome/78.0.3904.108 Safari/537.36
0:0:0:0:0:0:0:1 - - [14/Dec/2020:22:38:18 +0800] "GET /nacos/console-fe/public/js/codemirror.lib.clike-lint.js HTTP/1.1" 200 31521 9 Mozilla/5.0 (Windows NT 6.1; WOW64) AppleWebKit/537.36 (KHTML, like Gecko) Chrome/78.0.3904.108 Safari/537.36
0:0:0:0:0:0:0:1 - - [14/Dec/2020:22:38:18 +0800] "GET /nacos/console-fe/public/js/diff_match_patch.js HTTP/1.1" 200 19192 13 Mozilla/5.0 (Windows NT 6.1; WOW64) AppleWebKit/537.36 (KHTML, like Gecko) Chrome/78.0.3904.108 Safari/537.36
0:0:0:0:0:0:0:1 - - [14/Dec/2020:22:38:18 +0800] "GET /nacos/console-fe/public/js/codemirror.addone.json-lint.js HTTP/1.1" 200 1433 110 Mozilla/5.0 (Windows NT 6.1; WOW64) AppleWebKit/537.36 (KHTML, like Gecko) Chrome/78.0.3904.108 Safari/537.36
0:0:0:0:0:0:0:1 - - [14/Dec/2020:22:38:18 +0800] "GET /nacos/console-fe/public/js/codemirror.js HTTP/1.1" 200 366237 296 Mozilla/5.0 (Windows NT 6.1; WOW64) AppleWebKit/537.36 (KHTML, like Gecko) Chrome/78.0.3904.108 Safari/537.36
0:0:0:0:0:0:0:1 - - [14/Dec/2020:22:38:18 +0800] "GET /nacos/css/main.css HTTP/1.1" 200 376874 362 Mozilla/5.0 (Windows NT 6.1; WOW64) AppleWebKit/537.36 (KHTML, like Gecko) Chrome/78.0.3904.108 Safari/537.36
0:0:0:0:0:0:0:1 - - [14/Dec/2020:22:38:18 +0800] "GET /nacos/console-fe/public/js/merge.js HTTP/1.1" 200 37874 23 Mozilla/5.0 (Windows NT 6.1; WOW64) AppleWebKit/537.36 (KHTML, like Gecko) Chrome/78.0.3904.108 Safari/537.36
0:0:0:0:0:0:0:1 - - [14/Dec/2020:22:38:18 +0800] "GET /nacos/console-fe/public/js/loader.js HTTP/1.1" 200 28899 14 Mozilla/5.0 (Windows NT 6.1; WOW64) AppleWebKit/537.36 (KHTML, like Gecko) Chrome/78.0.3904.108 Safari/537.36
0:0:0:0:0:0:0:1 - - [14/Dec/2020:22:38:18 +0800] "GET /nacos/js/main.js HTTP/1.1" 200 1413779 186 Mozilla/5.0 (Windows NT 6.1; WOW64) AppleWebKit/537.36 (KHTML, like Gecko) Chrome/78.0.3904.108 Safari/537.36
0:0:0:0:0:0:0:1 - - [14/Dec/2020:22:38:18 +0800] "GET /nacos/img/logo-2000-390.svg HTTP/1.1" 200 2106 5 Mozilla/5.0 (Windows NT 6.1; WOW64) AppleWebKit/537.36 (KHTML, like Gecko) Chrome/78.0.3904.108 Safari/537.36
0:0:0:0:0:0:0:1 - - [14/Dec/2020:22:38:18 +0800] "GET /nacos/v1/console/server/state HTTP/1.1" 200 82 29 Mozilla/5.0 (Windows NT 6.1; WOW64) AppleWebKit/537.36 (KHTML, like Gecko) Chrome/78.0.3904.108 Safari/537.36
0:0:0:0:0:0:0:1 - - [14/Dec/2020:22:38:19 +0800] "GET /nacos/v1/console/namespaces?namespaceId= HTTP/1.1" 401 154 182 Mozilla/5.0 (Windows NT 6.1; WOW64) AppleWebKit/537.36 (KHTML, like Gecko) Chrome/78.0.3904.108 Safari/537.36
0:0:0:0:0:0:0:1 - - [14/Dec/2020:22:38:19 +0800] "GET /nacos/console-fe/public/icons/icon-font.woff HTTP/1.1" 200 5504 19 Mozilla/5.0 (Windows NT 6.1; WOW64) AppleWebKit/537.36 (KHTML, like Gecko) Chrome/78.0.3904.108 Safari/537.36
0:0:0:0:0:0:0:1 - - [14/Dec/2020:22:38:19 +0800] "GET /nacos/v1/cs/configs?search=accurate&dataId=&group=&appName=&config_tags=&pageNo=1&pageSize=10&tenant=&namespaceId= HTTP/1.1" 200 - 108 Mozilla/5.0 (Windows NT 6.1; WOW64) AppleWebKit/537.36 (KHTML, like Gecko) Chrome/78.0.3904.108 Safari/537.36
0:0:0:0:0:0:0:1 - - [14/Dec/2020:22:38:19 +0800] "GET /nacos/console-fe/public/css/fonts/aliyun-console-font.ttf?t91au5 HTTP/1.1" 200 169536 295 Mozilla/5.0 (Windows NT 6.1; WOW64) AppleWebKit/537.36 (KHTML, like Gecko) Chrome/78.0.3904.108 Safari/537.36
0:0:0:0:0:0:0:1 - - [14/Dec/2020:22:38:19 +0800] "GET /nacos/img/black_dot.png HTTP/1.1" 200 114 5 Mozilla/5.0 (Windows NT 6.1; WOW64) AppleWebKit/537.36 (KHTML, like Gecko) Chrome/78.0.3904.108 Safari/537.36
0:0:0:0:0:0:0:1 - - [14/Dec/2020:22:38:19 +0800] "GET /nacos/img/nacos.png HTTP/1.1" 200 3588 6 Mozilla/5.0 (Windows NT 6.1; WOW64) AppleWebKit/537.36 (KHTML, like Gecko) Chrome/78.0.3904.108 Safari/537.36
0:0:0:0:0:0:0:1 - - [14/Dec/2020:22:38:19 +0800] "GET /nacos/console-fe/public/js/vs/editor/editor.main.js HTTP/1.1" 200 1824086 1239 Mozilla/5.0 (Windows NT 6.1; WOW64) AppleWebKit/537.36 (KHTML, like Gecko) Chrome/78.0.3904.108 Safari/537.36
0:0:0:0:0:0:0:1 - - [14/Dec/2020:22:38:19 +0800] "GET /nacos/console-fe/public/js/vs/editor/editor.main.nls.zh-cn.js HTTP/1.1" 200 22854 9 Mozilla/5.0 (Windows NT 6.1; WOW64) AppleWebKit/537.36 (KHTML, like Gecko) Chrome/78.0.3904.108 Safari/537.36
0:0:0:0:0:0:0:1 - - [14/Dec/2020:22:38:19 +0800] "GET /nacos/console-fe/public/js/vs/editor/editor.main.css HTTP/1.1" 200 172199 84 Mozilla/5.0 (Windows NT 6.1; WOW64) AppleWebKit/537.36 (KHTML, like Gecko) Chrome/78.0.3904.108 Safari/537.36
0:0:0:0:0:0:0:1 - - [14/Dec/2020:22:38:20 +0800] "GET /nacos/console-fe/public/img/favicon.ico HTTP/1.1" 200 4286 15 Mozilla/5.0 (Windows NT 6.1; WOW64) AppleWebKit/537.36 (KHTML, like Gecko) Chrome/78.0.3904.108 Safari/537.36
192.168.0.100 - - [14/Dec/2020:22:38:21 +0800] "GET /nacos/v1/cs/health HTTP/1.1" 200 2 7 Apache-HttpAsyncClient/4.1.3 (Java/1.8.0_202)
0:0:0:0:0:0:0:1 - - [14/Dec/2020:22:38:23 +0800] "GET /favicon.ico HTTP/1.1" 404 796 3 Mozilla/5.0 (Windows NT 6.1; WOW64) AppleWebKit/537.36 (KHTML, like Gecko) Chrome/78.0.3904.108 Safari/537.36
0:0:0:0:0:0:0:1 - - [14/Dec/2020:22:38:25 +0800] "POST /nacos/v1/auth/login HTTP/1.1" 200 176 407 Mozilla/5.0 (Windows NT 6.1; WOW64) AppleWebKit/537.36 (KHTML, like Gecko) Chrome/78.0.3904.108 Safari/537.36
0:0:0:0:0:0:0:1 - - [14/Dec/2020:22:38:26 +0800] "GET /nacos/v1/console/server/state HTTP/1.1" 200 82 9 Mozilla/5.0 (Windows NT 6.1; WOW64) AppleWebKit/537.36 (KHTML, like Gecko) Chrome/78.0.3904.108 Safari/537.36
0:0:0:0:0:0:0:1 - - [14/Dec/2020:22:38:26 +0800] "GET /nacos/v1/console/namespaces?namespaceId= HTTP/1.1" 200 130 155 Mozilla/5.0 (Windows NT 6.1; WOW64) AppleWebKit/537.36 (KHTML, like Gecko) Chrome/78.0.3904.108 Safari/537.36
192.168.0.100 - - [14/Dec/2020:22:38:26 +0800] "GET /nacos/v1/cs/health HTTP/1.1" 200 2 4 Apache-HttpAsyncClient/4.1.3 (Java/1.8.0_202)
0:0:0:0:0:0:0:1 - - [14/Dec/2020:22:38:27 +0800] "GET /nacos/v1/cs/configs?search=accurate&dataId=&group=&appName=&config_tags=&pageNo=1&pageSize=10&tenant=&namespaceId= HTTP/1.1" 200 - 43 Mozilla/5.0 (Windows NT 6.1; WOW64) AppleWebKit/537.36 (KHTML, like Gecko) Chrome/78.0.3904.108 Safari/537.36
0:0:0:0:0:0:0:1 - - [14/Dec/2020:22:38:29 +0800] "GET /nacos/v1/ns/catalog/services?hasIpCount=true&withInstances=false&pageNo=1&pageSize=10&serviceNameParam=&groupNameParam=&namespaceId= HTTP/1.1" 200 39 31 Mozilla/5.0 (Windows NT 6.1; WOW64) AppleWebKit/537.36 (KHTML, like Gecko) Chrome/78.0.3904.108 Safari/537.36
