2020-12-28 09:54:19,611 INFO notifyConnectTimeout:200

2020-12-28 09:54:19,612 INFO notifySocketTimeout:8000

2020-12-28 09:54:19,612 INFO isHealthCheck:true

2020-12-28 09:54:19,612 INFO maxHealthCheckFailCount:12

2020-12-28 09:54:19,612 INFO maxContent:10485760

2020-12-28 09:54:20,898 INFO Schema 'NACOS' already exists.

2020-12-28 09:54:21,019 INFO Table/View 'CONFIG_INFO' already exists in Schema 'NACOS'.

2020-12-28 09:54:21,274 INFO Table/View 'HIS_CONFIG_INFO' already exists in Schema 'NACOS'.

2020-12-28 09:54:21,367 INFO Table/View 'CONFIG_INFO_BETA' already exists in Schema 'NACOS'.

2020-12-28 09:54:21,440 INFO Table/View 'CONFIG_INFO_TAG' already exists in Schema 'NACOS'.

2020-12-28 09:54:21,513 INFO Table/View 'CONFIG_INFO_AGGR' already exists in Schema 'NACOS'.

2020-12-28 09:54:21,577 INFO Table/View 'APP_LIST' already exists in Schema 'NACOS'.

2020-12-28 09:54:21,639 INFO Table/View 'APP_CONFIGDATA_RELATION_SUBS' already exists in Schema 'NACOS'.

2020-12-28 09:54:21,732 INFO Table/View 'APP_CONFIGDATA_RELATION_PUBS' already exists in Schema 'NACOS'.

2020-12-28 09:54:21,806 INFO Table/View 'CONFIG_TAGS_RELATION' already exists in Schema 'NACOS'.

2020-12-28 09:54:21,894 INFO Table/View 'GROUP_CAPACITY' already exists in Schema 'NACOS'.

2020-12-28 09:54:21,964 INFO Table/View 'TENANT_CAPACITY' already exists in Schema 'NACOS'.

2020-12-28 09:54:22,049 INFO Table/View 'TENANT_INFO' already exists in Schema 'NACOS'.

2020-12-28 09:54:22,132 INFO Table/View 'USERS' already exists in Schema 'NACOS'.

2020-12-28 09:54:22,215 INFO Table/View 'ROLES' already exists in Schema 'NACOS'.

2020-12-28 09:54:22,326 INFO The statement was aborted because it would have caused a duplicate key value in a unique or primary key constraint or unique index identified by 'SQL201214223740440' defined on 'USERS'.

2020-12-28 09:54:22,643 INFO ServerListService address-server port:8848

2020-12-28 09:54:22,643 INFO ADDRESS_SERVER_URL:http://jmenv.tbsite.net:8080/nacos/serverlist

2020-12-28 09:54:22,644 WARN [serverlist] updated to [192.168.0.119]

2020-12-28 09:54:22,724 WARN DumpService start

2020-12-28 09:54:22,726 INFO start clear all config-info.

2020-12-28 09:54:22,730 WARN clear all config-info failed.

2020-12-28 09:54:22,730 WARN clear all config-info-tenant failed.

2020-12-28 09:54:22,886 INFO start clear all config-info-beta.

2020-12-28 09:54:22,886 WARN clear all config-info-beta failed.

2020-12-28 09:54:22,886 WARN clear all config-info-beta-tenant failed.

2020-12-28 09:54:22,934 INFO start clear all config-info-tag.

2020-12-28 09:54:22,934 WARN clear all config-info-tag failed.

2020-12-28 09:54:22,934 WARN clear all config-info-tag-tenant failed.

