2020-12-14 22:37:25,862 INFO Starting Nacos v1.1.4 on SD-20190420ENCM with PID 8308 (D:\GreatTiny\nacos\target\nacos-server.jar started by Administrator in D:\GreatTiny\nacos\bin)

2020-12-14 22:37:25,870 INFO The following profiles are active: standalone

2020-12-14 22:37:28,945 INFO Bean 'org.springframework.security.config.annotation.configuration.ObjectPostProcessorConfiguration' of type [org.springframework.security.config.annotation.configuration.ObjectPostProcessorConfiguration$$EnhancerBySpringCGLIB$$fda80cf6] is not eligible for getting processed by all BeanPostProcessors (for example: not eligible for auto-proxying)

2020-12-14 22:37:29,066 INFO Bean 'objectPostProcessor' of type [org.springframework.security.config.annotation.configuration.AutowireBeanFactoryObjectPostProcessor] is not eligible for getting processed by all BeanPostProcessors (for example: not eligible for auto-proxying)

2020-12-14 22:37:29,071 INFO Bean 'org.springframework.security.access.expression.method.DefaultMethodSecurityExpressionHandler@359df09a' of type [org.springframework.security.access.expression.method.DefaultMethodSecurityExpressionHandler] is not eligible for getting processed by all BeanPostProcessors (for example: not eligible for auto-proxying)

2020-12-14 22:37:29,074 INFO Bean 'org.springframework.security.config.annotation.method.configuration.GlobalMethodSecurityConfiguration' of type [org.springframework.security.config.annotation.method.configuration.GlobalMethodSecurityConfiguration$$EnhancerBySpringCGLIB$$227cafa8] is not eligible for getting processed by all BeanPostProcessors (for example: not eligible for auto-proxying)

2020-12-14 22:37:29,082 INFO Bean 'methodSecurityMetadataSource' of type [org.springframework.security.access.method.DelegatingMethodSecurityMetadataSource] is not eligible for getting processed by all BeanPostProcessors (for example: not eligible for auto-proxying)

2020-12-14 22:37:30,136 INFO Tomcat initialized with port(s): 8848 (http)

2020-12-14 22:37:30,172 INFO Starting service [Tomcat]

2020-12-14 22:37:30,172 INFO Starting Servlet Engine: Apache Tomcat/9.0.13

2020-12-14 22:37:30,213 INFO The APR based Apache Tomcat Native library which allows optimal performance in production environments was not found on the java.library.path: [C:\Program Files\Java\jdk1.8.0_202\bin;C:\Windows\Sun\Java\bin;C:\Windows\system32;C:\Windows;C:\Program Files (x86)\Common Files\Oracle\Java\javapath;C:\Windows\system32;C:\Windows;C:\Windows\System32\Wbem;C:\Windows\System32\WindowsPowerShell\v1.0\;C:\Program Files\TortoiseSVN\bin;C:\Program Files\Java\jdk1.8.0_202\bin;C:\Program Files\VisualSVN Server\bin;C:\Program Files\nodejs\;E:\Program Files (x86)\mysql-5.7.30-winx64\bin;C:\Program Files\Git\cmd;C:\Program Files (x86)\SSH Communications Security\SSH Secure Shell;C:\Users\Administrator\AppData\Roaming\npm;%IntelliJ IDEA%;.]

2020-12-14 22:37:30,429 INFO Initializing Spring embedded WebApplicationContext

2020-12-14 22:37:30,429 INFO Root WebApplicationContext: initialization completed in 4442 ms

2020-12-14 22:37:42,047 INFO Use Mysql as the driver

2020-12-14 22:37:42,435 INFO Initializing ExecutorService 'applicationTaskExecutor'

2020-12-14 22:37:42,954 INFO Adding welcome page: class path resource [static/index.html]

2020-12-14 22:37:43,315 INFO Creating filter chain: Ant [pattern='/'], []

2020-12-14 22:37:43,317 INFO Creating filter chain: Ant [pattern='/**/*.css'], []

2020-12-14 22:37:43,318 INFO Creating filter chain: Ant [pattern='/**/*.js'], []

2020-12-14 22:37:43,319 INFO Creating filter chain: Ant [pattern='/**/*.html'], []

2020-12-14 22:37:43,320 INFO Creating filter chain: Ant [pattern='/**/*.map'], []

2020-12-14 22:37:43,320 INFO Creating filter chain: Ant [pattern='/**/*.svg'], []

2020-12-14 22:37:43,321 INFO Creating filter chain: Ant [pattern='/**/*.png'], []

2020-12-14 22:37:43,322 INFO Creating filter chain: Ant [pattern='/**/*.ico'], []

2020-12-14 22:37:43,322 INFO Creating filter chain: Ant [pattern='/console-fe/public/**'], []

2020-12-14 22:37:43,323 INFO Creating filter chain: Ant [pattern='/v1/auth/login'], []

2020-12-14 22:37:43,324 INFO Creating filter chain: Ant [pattern='/v1/console/health/**'], []

2020-12-14 22:37:43,324 INFO Creating filter chain: Ant [pattern='/v1/cs/**'], []

2020-12-14 22:37:43,325 INFO Creating filter chain: Ant [pattern='/v1/ns/**'], []

2020-12-14 22:37:43,325 INFO Creating filter chain: Ant [pattern='/v1/cmdb/**'], []

2020-12-14 22:37:43,326 INFO Creating filter chain: Ant [pattern='/actuator/**'], []

2020-12-14 22:37:43,327 INFO Creating filter chain: Ant [pattern='/v1/console/server/**'], []

2020-12-14 22:37:43,371 INFO Creating filter chain: any request, [org.springframework.security.web.context.request.async.WebAsyncManagerIntegrationFilter@2f058b8a, org.springframework.security.web.context.SecurityContextPersistenceFilter@475835b1, org.springframework.security.web.header.HeaderWriterFilter@fd0e5b6, org.springframework.security.web.authentication.logout.LogoutFilter@5cc126dc, com.alibaba.nacos.console.filter.JwtAuthenticationTokenFilter@756cf158, org.springframework.security.web.savedrequest.RequestCacheAwareFilter@5241cf67, org.springframework.security.web.servletapi.SecurityContextHolderAwareRequestFilter@226642a5, org.springframework.security.web.authentication.AnonymousAuthenticationFilter@3f2ef586, org.springframework.security.web.session.SessionManagementFilter@36b0fcd5, org.springframework.security.web.access.ExceptionTranslationFilter@4c168660, org.springframework.security.web.access.intercept.FilterSecurityInterceptor@165b8a71]

2020-12-14 22:37:43,491 INFO Exposing 2 endpoint(s) beneath base path '/actuator'

2020-12-14 22:37:43,526 INFO Initializing ExecutorService 'taskScheduler'

2020-12-14 22:37:43,624 INFO Tomcat started on port(s): 8848 (http) with context path '/nacos'

2020-12-14 22:37:43,638 INFO Started Nacos in 20.371 seconds (JVM running for 22.51)

2020-12-14 22:37:43,638 INFO Nacos Log files: D:\GreatTiny\nacos/logs/

2020-12-14 22:37:43,639 INFO Nacos Conf files: D:\GreatTiny\nacos/conf/

2020-12-14 22:37:43,646 INFO Nacos Data files: D:\GreatTiny\nacos/data/

2020-12-14 22:37:43,647 INFO Nacos started successfully in stand alone mode.

2020-12-14 22:37:46,871 INFO Initializing Spring DispatcherServlet 'dispatcherServlet'

2020-12-14 22:37:46,872 INFO Initializing Servlet 'dispatcherServlet'

2020-12-14 22:37:46,884 INFO Completed initialization in 11 ms

2020-12-14 22:38:18,991 ERROR Responding with unauthorized error. Message - Full authentication is required to access this resource

2020-12-15 15:34:21,055 INFO Starting Nacos v1.1.4 on ak with PID 3732 (F:\GreatTiny\nacos\target\nacos-server.jar started by Administrator in F:\GreatTiny\nacos\bin)

2020-12-15 15:34:21,057 INFO The following profiles are active: standalone

2020-12-15 15:34:22,544 INFO Bean 'org.springframework.security.config.annotation.configuration.ObjectPostProcessorConfiguration' of type [org.springframework.security.config.annotation.configuration.ObjectPostProcessorConfiguration$$EnhancerBySpringCGLIB$$694a1de2] is not eligible for getting processed by all BeanPostProcessors (for example: not eligible for auto-proxying)

2020-12-15 15:34:22,608 INFO Bean 'objectPostProcessor' of type [org.springframework.security.config.annotation.configuration.AutowireBeanFactoryObjectPostProcessor] is not eligible for getting processed by all BeanPostProcessors (for example: not eligible for auto-proxying)

2020-12-15 15:34:22,610 INFO Bean 'org.springframework.security.access.expression.method.DefaultMethodSecurityExpressionHandler@24d4d7c9' of type [org.springframework.security.access.expression.method.DefaultMethodSecurityExpressionHandler] is not eligible for getting processed by all BeanPostProcessors (for example: not eligible for auto-proxying)

2020-12-15 15:34:22,611 INFO Bean 'org.springframework.security.config.annotation.method.configuration.GlobalMethodSecurityConfiguration' of type [org.springframework.security.config.annotation.method.configuration.GlobalMethodSecurityConfiguration$$EnhancerBySpringCGLIB$$8e1ec094] is not eligible for getting processed by all BeanPostProcessors (for example: not eligible for auto-proxying)

2020-12-15 15:34:22,615 INFO Bean 'methodSecurityMetadataSource' of type [org.springframework.security.access.method.DelegatingMethodSecurityMetadataSource] is not eligible for getting processed by all BeanPostProcessors (for example: not eligible for auto-proxying)

2020-12-15 15:34:30,994 INFO Tomcat initialized with port(s): 8848 (http)

2020-12-15 15:34:31,029 INFO Starting service [Tomcat]

2020-12-15 15:34:31,029 INFO Starting Servlet Engine: Apache Tomcat/9.0.13

2020-12-15 15:34:31,039 INFO The APR based Apache Tomcat Native library which allows optimal performance in production environments was not found on the java.library.path: [C:\java\jdk-14.0.2\bin;C:\Windows\Sun\Java\bin;C:\Windows\system32;C:\Windows;C:\ProgramData\Oracle\Java\javapath;C:\Program Files (x86)\NVIDIA Corporation\PhysX\Common;C:\Windows\system32;C:\Windows;C:\Windows\System32\Wbem;C:\Windows\System32\WindowsPowerShell\v1.0\;C:\Windows\System32\OpenSSH\;C:\Program Files\dotnet\;C:\Program Files\Microsoft SQL Server\130\Tools\Binn\;C:\Program Files\Microsoft SQL Server\Client SDK\ODBC\170\Tools\Binn\;"C:\java\jdk-14.0.2\bin;C:\java\jdk-14.0.2\jre\bin";C:\Program Files\VisualSVN Server\bin;C:\Program Files\TortoiseSVN\bin;C:\PROGRA~2\F-Secure\SSHTRI~1;C:\Program Files\nodejs\;C:\Program Files\Git\cmd;C:\Users\Administrator\AppData\Local\Microsoft\WindowsApps;C:\Program Files\Bandizip\;D:\Microsoft VS Code\bin;C:\Users\Administrator\.dotnet\tools;C:\Program Files (x86)\SSH Communications Security\SSH Secure Shell;C:\Program Files\JetBrains\IntelliJ IDEA Community Edition 2020.1.3\bin;C:\Program Files\nodejs\node_global;.]

2020-12-15 15:34:31,103 INFO Initializing Spring embedded WebApplicationContext

2020-12-15 15:34:31,103 INFO Root WebApplicationContext: initialization completed in 10009 ms

2020-12-15 15:34:34,904 INFO Use Mysql as the driver

2020-12-15 15:34:35,240 INFO Initializing ExecutorService 'applicationTaskExecutor'

2020-12-15 15:34:35,366 INFO Adding welcome page: class path resource [static/index.html]

2020-12-15 15:34:35,622 INFO Creating filter chain: Ant [pattern='/'], []

2020-12-15 15:34:35,622 INFO Creating filter chain: Ant [pattern='/**/*.css'], []

2020-12-15 15:34:35,623 INFO Creating filter chain: Ant [pattern='/**/*.js'], []

2020-12-15 15:34:35,625 INFO Creating filter chain: Ant [pattern='/**/*.html'], []

2020-12-15 15:34:35,625 INFO Creating filter chain: Ant [pattern='/**/*.map'], []

2020-12-15 15:34:35,626 INFO Creating filter chain: Ant [pattern='/**/*.svg'], []

2020-12-15 15:34:35,626 INFO Creating filter chain: Ant [pattern='/**/*.png'], []

2020-12-15 15:34:35,627 INFO Creating filter chain: Ant [pattern='/**/*.ico'], []

2020-12-15 15:34:35,627 INFO Creating filter chain: Ant [pattern='/console-fe/public/**'], []

2020-12-15 15:34:35,628 INFO Creating filter chain: Ant [pattern='/v1/auth/login'], []

2020-12-15 15:34:35,628 INFO Creating filter chain: Ant [pattern='/v1/console/health/**'], []

2020-12-15 15:34:35,629 INFO Creating filter chain: Ant [pattern='/v1/cs/**'], []

2020-12-15 15:34:35,629 INFO Creating filter chain: Ant [pattern='/v1/ns/**'], []

2020-12-15 15:34:35,630 INFO Creating filter chain: Ant [pattern='/v1/cmdb/**'], []

2020-12-15 15:34:35,630 INFO Creating filter chain: Ant [pattern='/actuator/**'], []

2020-12-15 15:34:35,631 INFO Creating filter chain: Ant [pattern='/v1/console/server/**'], []

2020-12-15 15:34:35,653 INFO Creating filter chain: any request, [org.springframework.security.web.context.request.async.WebAsyncManagerIntegrationFilter@15eb0ae9, org.springframework.security.web.context.SecurityContextPersistenceFilter@35a0e495, org.springframework.security.web.header.HeaderWriterFilter@10db6131, org.springframework.security.web.authentication.logout.LogoutFilter@7b66322e, com.alibaba.nacos.console.filter.JwtAuthenticationTokenFilter@65e0b505, org.springframework.security.web.savedrequest.RequestCacheAwareFilter@4fe64d23, org.springframework.security.web.servletapi.SecurityContextHolderAwareRequestFilter@b34832b, org.springframework.security.web.authentication.AnonymousAuthenticationFilter@67de7a99, org.springframework.security.web.session.SessionManagementFilter@37b56ac7, org.springframework.security.web.access.ExceptionTranslationFilter@2f521c4, org.springframework.security.web.access.intercept.FilterSecurityInterceptor@42fb8c87]

2020-12-15 15:34:35,714 INFO Exposing 2 endpoint(s) beneath base path '/actuator'

2020-12-15 15:34:35,734 INFO Initializing ExecutorService 'taskScheduler'

2020-12-15 15:34:35,801 INFO Tomcat started on port(s): 8848 (http) with context path '/nacos'

2020-12-15 15:34:35,805 INFO Started Nacos in 15.696 seconds (JVM running for 16.421)

2020-12-15 15:34:35,805 INFO Nacos Log files: F:\GreatTiny\nacos/logs/

2020-12-15 15:34:35,806 INFO Nacos Conf files: F:\GreatTiny\nacos/conf/

2020-12-15 15:34:35,806 INFO Nacos Data files: F:\GreatTiny\nacos/data/

2020-12-15 15:34:35,807 INFO Nacos started successfully in stand alone mode.

2020-12-15 15:34:39,805 INFO Initializing Spring DispatcherServlet 'dispatcherServlet'

2020-12-15 15:34:39,806 INFO Initializing Servlet 'dispatcherServlet'

2020-12-15 15:34:39,813 INFO Completed initialization in 7 ms

2020-12-15 15:37:35,699 ERROR Responding with unauthorized error. Message - Full authentication is required to access this resource

2020-12-15 15:44:34,766 INFO [capacityManagement] start correct usage

2020-12-15 15:44:34,799 INFO [capacityManagement] end correct usage, cost: 0s

2020-12-15 15:44:34,899 WARN clearConfigHistory start

2020-12-15 15:54:34,801 INFO [capacityManagement] start correct usage

2020-12-15 15:54:34,804 INFO [capacityManagement] end correct usage, cost: 0s

2020-12-15 15:54:34,909 WARN clearConfigHistory start

2020-12-15 16:04:34,805 INFO [capacityManagement] start correct usage

2020-12-15 16:04:34,812 INFO [capacityManagement] end correct usage, cost: 0s

2020-12-15 16:04:34,910 WARN clearConfigHistory start

2020-12-15 16:08:03,248 INFO Expired JWT token.

2020-12-15 16:08:03,248 ERROR Responding with unauthorized error. Message - Full authentication is required to access this resource

2020-12-15 16:14:34,813 INFO [capacityManagement] start correct usage

2020-12-15 16:14:34,815 INFO [capacityManagement] end correct usage, cost: 0s

2020-12-15 16:14:34,913 WARN clearConfigHistory start

2020-12-15 16:24:34,818 INFO [capacityManagement] start correct usage

2020-12-15 16:24:34,824 INFO [capacityManagement] end correct usage, cost: 0s

2020-12-15 16:24:34,917 WARN clearConfigHistory start

2020-12-15 16:34:34,825 INFO [capacityManagement] start correct usage

2020-12-15 16:34:34,828 INFO [capacityManagement] end correct usage, cost: 0s

2020-12-15 16:34:34,922 WARN clearConfigHistory start

2020-12-15 16:44:34,829 INFO [capacityManagement] start correct usage

2020-12-15 16:44:34,830 INFO [capacityManagement] end correct usage, cost: 0s

2020-12-15 16:44:34,924 WARN clearConfigHistory start

2020-12-15 16:51:56,388 INFO Starting Nacos v1.1.4 on ak with PID 4740 (F:\great-tiny\nacos\target\nacos-server.jar started by Administrator in F:\great-tiny\nacos\bin)

2020-12-15 16:51:56,390 INFO The following profiles are active: standalone

2020-12-15 16:51:57,858 INFO Bean 'org.springframework.security.config.annotation.configuration.ObjectPostProcessorConfiguration' of type [org.springframework.security.config.annotation.configuration.ObjectPostProcessorConfiguration$$EnhancerBySpringCGLIB$$4fffd162] is not eligible for getting processed by all BeanPostProcessors (for example: not eligible for auto-proxying)

2020-12-15 16:51:57,929 INFO Bean 'objectPostProcessor' of type [org.springframework.security.config.annotation.configuration.AutowireBeanFactoryObjectPostProcessor] is not eligible for getting processed by all BeanPostProcessors (for example: not eligible for auto-proxying)

2020-12-15 16:51:57,932 INFO Bean 'org.springframework.security.access.expression.method.DefaultMethodSecurityExpressionHandler@53f48368' of type [org.springframework.security.access.expression.method.DefaultMethodSecurityExpressionHandler] is not eligible for getting processed by all BeanPostProcessors (for example: not eligible for auto-proxying)

2020-12-15 16:51:57,933 INFO Bean 'org.springframework.security.config.annotation.method.configuration.GlobalMethodSecurityConfiguration' of type [org.springframework.security.config.annotation.method.configuration.GlobalMethodSecurityConfiguration$$EnhancerBySpringCGLIB$$74d47414] is not eligible for getting processed by all BeanPostProcessors (for example: not eligible for auto-proxying)

2020-12-15 16:51:57,937 INFO Bean 'methodSecurityMetadataSource' of type [org.springframework.security.access.method.DelegatingMethodSecurityMetadataSource] is not eligible for getting processed by all BeanPostProcessors (for example: not eligible for auto-proxying)

2020-12-15 16:52:06,265 INFO Tomcat initialized with port(s): 8848 (http)

2020-12-15 16:52:06,301 INFO Starting service [Tomcat]

2020-12-15 16:52:06,301 INFO Starting Servlet Engine: Apache Tomcat/9.0.13

2020-12-15 16:52:06,310 INFO The APR based Apache Tomcat Native library which allows optimal performance in production environments was not found on the java.library.path: [C:\java\jdk-14.0.2\bin;C:\Windows\Sun\Java\bin;C:\Windows\system32;C:\Windows;C:\ProgramData\Oracle\Java\javapath;C:\Program Files (x86)\NVIDIA Corporation\PhysX\Common;C:\Windows\system32;C:\Windows;C:\Windows\System32\Wbem;C:\Windows\System32\WindowsPowerShell\v1.0\;C:\Windows\System32\OpenSSH\;C:\Program Files\dotnet\;C:\Program Files\Microsoft SQL Server\130\Tools\Binn\;C:\Program Files\Microsoft SQL Server\Client SDK\ODBC\170\Tools\Binn\;"C:\java\jdk-14.0.2\bin;C:\java\jdk-14.0.2\jre\bin";C:\Program Files\VisualSVN Server\bin;C:\Program Files\TortoiseSVN\bin;C:\PROGRA~2\F-Secure\SSHTRI~1;C:\Program Files\nodejs\;C:\Program Files\Git\cmd;C:\Users\Administrator\AppData\Local\Microsoft\WindowsApps;C:\Program Files\Bandizip\;D:\Microsoft VS Code\bin;C:\Users\Administrator\.dotnet\tools;C:\Program Files (x86)\SSH Communications Security\SSH Secure Shell;C:\Program Files\JetBrains\IntelliJ IDEA Community Edition 2020.1.3\bin;C:\Program Files\nodejs\node_global;.]

2020-12-15 16:52:06,374 INFO Initializing Spring embedded WebApplicationContext

2020-12-15 16:52:06,374 INFO Root WebApplicationContext: initialization completed in 9949 ms

2020-12-15 16:52:09,271 INFO Use Mysql as the driver

2020-12-15 16:52:09,546 INFO Initializing ExecutorService 'applicationTaskExecutor'

2020-12-15 16:52:09,678 INFO Adding welcome page: class path resource [static/index.html]

2020-12-15 16:52:09,926 INFO Creating filter chain: Ant [pattern='/'], []

2020-12-15 16:52:09,926 INFO Creating filter chain: Ant [pattern='/**/*.css'], []

2020-12-15 16:52:09,927 INFO Creating filter chain: Ant [pattern='/**/*.js'], []

2020-12-15 16:52:09,927 INFO Creating filter chain: Ant [pattern='/**/*.html'], []

2020-12-15 16:52:09,927 INFO Creating filter chain: Ant [pattern='/**/*.map'], []

2020-12-15 16:52:09,927 INFO Creating filter chain: Ant [pattern='/**/*.svg'], []

2020-12-15 16:52:09,927 INFO Creating filter chain: Ant [pattern='/**/*.png'], []

2020-12-15 16:52:09,927 INFO Creating filter chain: Ant [pattern='/**/*.ico'], []

2020-12-15 16:52:09,927 INFO Creating filter chain: Ant [pattern='/console-fe/public/**'], []

2020-12-15 16:52:09,928 INFO Creating filter chain: Ant [pattern='/v1/auth/login'], []

2020-12-15 16:52:09,928 INFO Creating filter chain: Ant [pattern='/v1/console/health/**'], []

2020-12-15 16:52:09,928 INFO Creating filter chain: Ant [pattern='/v1/cs/**'], []

2020-12-15 16:52:09,928 INFO Creating filter chain: Ant [pattern='/v1/ns/**'], []

2020-12-15 16:52:09,928 INFO Creating filter chain: Ant [pattern='/v1/cmdb/**'], []

2020-12-15 16:52:09,928 INFO Creating filter chain: Ant [pattern='/actuator/**'], []

2020-12-15 16:52:09,928 INFO Creating filter chain: Ant [pattern='/v1/console/server/**'], []

2020-12-15 16:52:09,951 INFO Creating filter chain: any request, [org.springframework.security.web.context.request.async.WebAsyncManagerIntegrationFilter@dd71b20, org.springframework.security.web.context.SecurityContextPersistenceFilter@4afbb6c2, org.springframework.security.web.header.HeaderWriterFilter@1f1e58ca, org.springframework.security.web.authentication.logout.LogoutFilter@76464795, com.alibaba.nacos.console.filter.JwtAuthenticationTokenFilter@767f6ee7, org.springframework.security.web.savedrequest.RequestCacheAwareFilter@6c6017b9, org.springframework.security.web.servletapi.SecurityContextHolderAwareRequestFilter@77c233af, org.springframework.security.web.authentication.AnonymousAuthenticationFilter@7b6c6e70, org.springframework.security.web.session.SessionManagementFilter@95eb320, org.springframework.security.web.access.ExceptionTranslationFilter@24d61e4, org.springframework.security.web.access.intercept.FilterSecurityInterceptor@5114b7c7]

2020-12-15 16:52:10,014 INFO Exposing 2 endpoint(s) beneath base path '/actuator'

2020-12-15 16:52:10,038 INFO Initializing ExecutorService 'taskScheduler'

2020-12-15 16:52:10,106 INFO Tomcat started on port(s): 8848 (http) with context path '/nacos'

2020-12-15 16:52:10,111 INFO Started Nacos in 14.373 seconds (JVM running for 14.791)

2020-12-15 16:52:10,111 INFO Nacos Log files: F:\great-tiny\nacos/logs/

2020-12-15 16:52:10,111 INFO Nacos Conf files: F:\great-tiny\nacos/conf/

2020-12-15 16:52:10,111 INFO Nacos Data files: F:\great-tiny\nacos/data/

2020-12-15 16:52:10,111 INFO Nacos started successfully in stand alone mode.

2020-12-15 16:52:14,189 INFO Initializing Spring DispatcherServlet 'dispatcherServlet'

2020-12-15 16:52:14,189 INFO Initializing Servlet 'dispatcherServlet'

2020-12-15 16:52:14,196 INFO Completed initialization in 6 ms

2020-12-15 17:02:09,125 INFO [capacityManagement] start correct usage

2020-12-15 17:02:09,167 INFO [capacityManagement] end correct usage, cost: 0s

2020-12-15 17:02:09,266 WARN clearConfigHistory start

2020-12-15 17:12:09,168 INFO [capacityManagement] start correct usage

2020-12-15 17:12:09,168 INFO [capacityManagement] end correct usage, cost: 0s

2020-12-15 17:12:09,276 WARN clearConfigHistory start

2020-12-15 17:22:09,170 INFO [capacityManagement] start correct usage

2020-12-15 17:22:09,170 INFO [capacityManagement] end correct usage, cost: 0s

2020-12-15 17:22:09,278 WARN clearConfigHistory start

2020-12-15 17:32:09,171 INFO [capacityManagement] start correct usage

2020-12-15 17:32:09,173 INFO [capacityManagement] end correct usage, cost: 0s

2020-12-15 17:32:09,279 WARN clearConfigHistory start

2020-12-15 17:42:09,174 INFO [capacityManagement] start correct usage

2020-12-15 17:42:09,175 INFO [capacityManagement] end correct usage, cost: 0s

2020-12-15 17:42:09,283 WARN clearConfigHistory start

2020-12-15 17:52:09,176 INFO [capacityManagement] start correct usage

2020-12-15 17:52:09,176 INFO [capacityManagement] end correct usage, cost: 0s

2020-12-15 17:52:09,284 WARN clearConfigHistory start

2020-12-15 18:02:09,178 INFO [capacityManagement] start correct usage

2020-12-15 18:02:09,183 INFO [capacityManagement] end correct usage, cost: 0s

2020-12-15 18:02:09,287 WARN clearConfigHistory start

