2020-12-17 00:02:38,713 INFO PERFORMANCE:|2|2|-1|-1

2020-12-17 00:07:38,718 INFO PERFORMANCE:|2|2|-1|-1

2020-12-17 00:12:38,719 INFO PERFORMANCE:|2|2|-1|-1

2020-12-17 00:17:38,720 INFO PERFORMANCE:|2|2|-1|-1

2020-12-17 00:22:38,721 INFO PERFORMANCE:|2|2|-1|-1

2020-12-17 00:27:38,722 INFO PERFORMANCE:|2|2|-1|-1

2020-12-17 00:32:38,723 INFO PERFORMANCE:|2|2|-1|-1

2020-12-17 00:37:38,725 INFO PERFORMANCE:|2|2|-1|-1

2020-12-17 00:42:38,727 INFO PERFORMANCE:|2|2|-1|-1

2020-12-17 00:47:38,727 INFO PERFORMANCE:|2|2|-1|-1

2020-12-17 00:52:38,729 INFO PERFORMANCE:|2|2|-1|-1

2020-12-17 00:57:38,730 INFO PERFORMANCE:|2|2|-1|-1

2020-12-17 01:02:38,732 INFO PERFORMANCE:|2|2|-1|-1

2020-12-17 01:07:38,733 INFO PERFORMANCE:|2|2|-1|-1

2020-12-17 01:12:38,733 INFO PERFORMANCE:|2|2|-1|-1

2020-12-17 01:17:38,735 INFO PERFORMANCE:|2|2|-1|-1

2020-12-17 01:22:38,736 INFO PERFORMANCE:|2|2|-1|-1

2020-12-17 01:27:38,738 INFO PERFORMANCE:|2|2|-1|-1

2020-12-17 01:32:38,738 INFO PERFORMANCE:|2|2|-1|-1

2020-12-17 01:37:38,740 INFO PERFORMANCE:|2|2|-1|-1

2020-12-17 01:42:38,741 INFO PERFORMANCE:|2|2|-1|-1

2020-12-17 01:47:38,741 INFO PERFORMANCE:|2|2|-1|-1

2020-12-17 01:52:38,743 INFO PERFORMANCE:|2|2|-1|-1

2020-12-17 01:57:38,746 INFO PERFORMANCE:|2|2|-1|-1

2020-12-17 02:02:38,747 INFO PERFORMANCE:|2|2|-1|-1

2020-12-17 02:07:38,747 INFO PERFORMANCE:|2|2|-1|-1

2020-12-17 02:12:38,748 INFO PERFORMANCE:|2|2|-1|-1

2020-12-17 02:17:38,748 INFO PERFORMANCE:|2|2|-1|-1

2020-12-17 02:22:38,749 INFO PERFORMANCE:|2|2|-1|-1

2020-12-17 02:27:38,751 INFO PERFORMANCE:|2|2|-1|-1

2020-12-17 02:32:38,752 INFO PERFORMANCE:|2|2|-1|-1

2020-12-17 02:37:38,753 INFO PERFORMANCE:|2|2|-1|-1

2020-12-17 02:42:38,755 INFO PERFORMANCE:|2|2|-1|-1

2020-12-17 02:47:38,756 INFO PERFORMANCE:|2|2|-1|-1

2020-12-17 02:52:38,758 INFO PERFORMANCE:|2|2|-1|-1

2020-12-17 02:57:38,759 INFO PERFORMANCE:|2|2|-1|-1

2020-12-17 03:02:38,761 INFO PERFORMANCE:|2|2|-1|-1

2020-12-17 03:07:38,761 INFO PERFORMANCE:|2|2|-1|-1

2020-12-17 03:12:38,763 INFO PERFORMANCE:|2|2|-1|-1

2020-12-17 03:17:38,765 INFO PERFORMANCE:|2|2|-1|-1

2020-12-17 03:22:38,766 INFO PERFORMANCE:|2|2|-1|-1

2020-12-17 03:27:38,766 INFO PERFORMANCE:|2|2|-1|-1

2020-12-17 03:32:38,767 INFO PERFORMANCE:|2|2|-1|-1

2020-12-17 03:37:38,768 INFO PERFORMANCE:|2|2|-1|-1

2020-12-17 03:42:38,768 INFO PERFORMANCE:|2|2|-1|-1

2020-12-17 03:47:38,770 INFO PERFORMANCE:|2|2|-1|-1

2020-12-17 03:52:38,771 INFO PERFORMANCE:|2|2|-1|-1

2020-12-17 03:57:38,772 INFO PERFORMANCE:|2|2|-1|-1

2020-12-17 04:02:38,774 INFO PERFORMANCE:|2|2|-1|-1

2020-12-17 04:07:38,775 INFO PERFORMANCE:|2|2|-1|-1

2020-12-17 04:12:38,776 INFO PERFORMANCE:|2|2|-1|-1

2020-12-17 04:17:38,778 INFO PERFORMANCE:|2|2|-1|-1

2020-12-17 04:22:38,778 INFO PERFORMANCE:|2|2|-1|-1

2020-12-17 04:27:38,780 INFO PERFORMANCE:|2|2|-1|-1

2020-12-17 04:32:38,780 INFO PERFORMANCE:|2|2|-1|-1

2020-12-17 04:37:38,781 INFO PERFORMANCE:|2|2|-1|-1

2020-12-17 04:42:38,781 INFO PERFORMANCE:|2|2|-1|-1

2020-12-17 04:47:38,783 INFO PERFORMANCE:|2|2|-1|-1

2020-12-17 04:52:38,783 INFO PERFORMANCE:|2|2|-1|-1

2020-12-17 04:57:38,785 INFO PERFORMANCE:|2|2|-1|-1

2020-12-17 05:02:38,788 INFO PERFORMANCE:|2|2|-1|-1

2020-12-17 05:07:38,789 INFO PERFORMANCE:|2|2|-1|-1

2020-12-17 05:12:38,791 INFO PERFORMANCE:|2|2|-1|-1

2020-12-17 05:17:38,792 INFO PERFORMANCE:|2|2|-1|-1

2020-12-17 05:22:38,795 INFO PERFORMANCE:|2|2|-1|-1

2020-12-17 05:27:38,797 INFO PERFORMANCE:|2|2|-1|-1

2020-12-17 05:32:38,798 INFO PERFORMANCE:|2|2|-1|-1

2020-12-17 05:37:38,798 INFO PERFORMANCE:|2|2|-1|-1

2020-12-17 05:42:38,800 INFO PERFORMANCE:|2|2|-1|-1

2020-12-17 05:47:38,800 INFO PERFORMANCE:|2|2|-1|-1

2020-12-17 05:52:38,801 INFO PERFORMANCE:|2|2|-1|-1

2020-12-17 05:57:38,803 INFO PERFORMANCE:|2|2|-1|-1

2020-12-17 06:02:38,805 INFO PERFORMANCE:|2|2|-1|-1

2020-12-17 06:07:38,806 INFO PERFORMANCE:|2|2|-1|-1

2020-12-17 06:12:38,807 INFO PERFORMANCE:|2|2|-1|-1

2020-12-17 06:17:38,808 INFO PERFORMANCE:|2|2|-1|-1

2020-12-17 06:22:38,810 INFO PERFORMANCE:|2|2|-1|-1

2020-12-17 06:27:38,812 INFO PERFORMANCE:|2|2|-1|-1

2020-12-17 06:32:38,814 INFO PERFORMANCE:|2|2|-1|-1

2020-12-17 06:37:38,816 INFO PERFORMANCE:|2|2|-1|-1

2020-12-17 06:42:38,817 INFO PERFORMANCE:|2|2|-1|-1

2020-12-17 06:47:38,819 INFO PERFORMANCE:|2|2|-1|-1

2020-12-17 06:52:38,821 INFO PERFORMANCE:|2|2|-1|-1

2020-12-17 06:57:38,822 INFO PERFORMANCE:|2|2|-1|-1

2020-12-17 07:02:38,822 INFO PERFORMANCE:|2|2|-1|-1

2020-12-17 07:07:38,824 INFO PERFORMANCE:|2|2|-1|-1

2020-12-17 07:12:38,826 INFO PERFORMANCE:|2|2|-1|-1

2020-12-17 07:17:38,827 INFO PERFORMANCE:|2|2|-1|-1

2020-12-17 07:22:38,828 INFO PERFORMANCE:|2|2|-1|-1

2020-12-17 07:27:38,830 INFO PERFORMANCE:|2|2|-1|-1

2020-12-17 07:32:38,831 INFO PERFORMANCE:|2|2|-1|-1

2020-12-17 07:37:38,833 INFO PERFORMANCE:|2|2|-1|-1

2020-12-17 07:42:38,835 INFO PERFORMANCE:|2|2|-1|-1

2020-12-17 07:47:38,836 INFO PERFORMANCE:|2|2|-1|-1

2020-12-17 07:52:38,837 INFO PERFORMANCE:|2|2|-1|-1

2020-12-17 07:57:38,837 INFO PERFORMANCE:|2|2|-1|-1

2020-12-17 08:02:38,839 INFO PERFORMANCE:|2|2|-1|-1

2020-12-17 08:07:38,841 INFO PERFORMANCE:|2|2|-1|-1

2020-12-17 08:12:38,842 INFO PERFORMANCE:|2|2|-1|-1

2020-12-17 08:17:38,843 INFO PERFORMANCE:|2|2|-1|-1

2020-12-17 08:22:38,845 INFO PERFORMANCE:|2|2|-1|-1

2020-12-17 08:27:38,846 INFO PERFORMANCE:|2|2|-1|-1

2020-12-17 08:32:38,847 INFO PERFORMANCE:|2|2|-1|-1

2020-12-17 08:37:38,848 INFO PERFORMANCE:|2|2|-1|-1

2020-12-17 08:42:38,850 INFO PERFORMANCE:|2|2|-1|-1

2020-12-17 08:47:38,850 INFO PERFORMANCE:|2|2|-1|-1

2020-12-17 08:52:38,852 INFO PERFORMANCE:|2|2|-1|-1

2020-12-17 08:57:38,854 INFO PERFORMANCE:|2|2|-1|-1

2020-12-17 09:02:38,854 INFO PERFORMANCE:|2|2|-1|-1

2020-12-17 09:07:38,855 INFO PERFORMANCE:|2|2|-1|-1

2020-12-17 09:12:38,857 INFO PERFORMANCE:|2|2|-1|-1

2020-12-17 09:17:38,859 INFO PERFORMANCE:|2|2|-1|-1

2020-12-17 09:22:38,860 INFO PERFORMANCE:|2|2|-1|-1

2020-12-17 09:27:38,861 INFO PERFORMANCE:|2|2|-1|-1

2020-12-17 09:32:38,861 INFO PERFORMANCE:|2|2|-1|-1

2020-12-17 09:37:38,862 INFO PERFORMANCE:|2|2|-1|-1

2020-12-17 09:42:38,863 INFO PERFORMANCE:|2|2|-1|-1

2020-12-17 09:47:38,863 INFO PERFORMANCE:|2|2|-1|-1

2020-12-17 09:52:38,864 INFO PERFORMANCE:|2|2|-1|-1

2020-12-17 09:57:38,865 INFO PERFORMANCE:|2|2|-1|-1

2020-12-17 10:02:38,867 INFO PERFORMANCE:|2|2|-1|-1

2020-12-17 10:07:38,869 INFO PERFORMANCE:|2|2|-1|-1

2020-12-17 10:12:38,871 INFO PERFORMANCE:|2|2|-1|-1

2020-12-17 10:17:38,871 INFO PERFORMANCE:|2|2|-1|-1

2020-12-17 10:22:38,873 INFO PERFORMANCE:|2|2|-1|-1

2020-12-17 10:27:38,875 INFO PERFORMANCE:|2|2|-1|-1

2020-12-17 10:32:38,876 INFO PERFORMANCE:|2|2|-1|-1

2020-12-17 10:37:38,877 INFO PERFORMANCE:|2|2|-1|-1

2020-12-17 10:42:38,877 INFO PERFORMANCE:|2|2|-1|-1

2020-12-17 10:47:38,878 INFO PERFORMANCE:|2|2|-1|-1

2020-12-17 10:52:38,880 INFO PERFORMANCE:|2|2|-1|-1

2020-12-17 10:57:38,881 INFO PERFORMANCE:|2|2|-1|-1

2020-12-17 11:02:38,882 INFO PERFORMANCE:|2|2|-1|-1

2020-12-17 11:07:38,883 INFO PERFORMANCE:|2|2|-1|-1

2020-12-17 11:12:38,885 INFO PERFORMANCE:|2|2|-1|-1

2020-12-17 11:17:38,887 INFO PERFORMANCE:|2|2|-1|-1

2020-12-17 11:22:38,888 INFO PERFORMANCE:|2|2|-1|-1

2020-12-17 11:27:38,890 INFO PERFORMANCE:|2|2|-1|-1

2020-12-17 11:32:38,891 INFO PERFORMANCE:|2|2|-1|-1

2020-12-17 11:37:38,892 INFO PERFORMANCE:|2|2|-1|-1

2020-12-17 11:42:38,894 INFO PERFORMANCE:|2|2|-1|-1

2020-12-17 11:47:38,896 INFO PERFORMANCE:|2|2|-1|-1

2020-12-17 11:52:38,897 INFO PERFORMANCE:|2|2|-1|-1

2020-12-17 11:57:38,899 INFO PERFORMANCE:|2|2|-1|-1

2020-12-17 12:02:38,900 INFO PERFORMANCE:|2|2|-1|-1

2020-12-17 12:07:38,902 INFO PERFORMANCE:|2|2|-1|-1

2020-12-17 12:12:38,904 INFO PERFORMANCE:|2|2|-1|-1

2020-12-17 12:17:38,905 INFO PERFORMANCE:|2|2|-1|-1

2020-12-17 12:22:38,907 INFO PERFORMANCE:|2|2|-1|-1

2020-12-17 12:27:38,908 INFO PERFORMANCE:|2|2|-1|-1

2020-12-17 12:32:38,909 INFO PERFORMANCE:|2|2|-1|-1

2020-12-17 12:37:38,910 INFO PERFORMANCE:|2|2|-1|-1

2020-12-17 12:42:38,911 INFO PERFORMANCE:|2|2|-1|-1

2020-12-17 12:47:38,913 INFO PERFORMANCE:|2|2|-1|-1

2020-12-17 12:52:38,915 INFO PERFORMANCE:|2|2|-1|-1

2020-12-17 12:57:38,917 INFO PERFORMANCE:|2|2|-1|-1

2020-12-17 13:02:38,918 INFO PERFORMANCE:|2|2|-1|-1

2020-12-17 13:07:38,920 INFO PERFORMANCE:|2|2|-1|-1

2020-12-17 13:12:38,922 INFO PERFORMANCE:|2|2|-1|-1

2020-12-17 13:17:38,923 INFO PERFORMANCE:|2|2|-1|-1

2020-12-17 13:22:38,924 INFO PERFORMANCE:|2|2|-1|-1

2020-12-17 13:27:38,926 INFO PERFORMANCE:|2|2|-1|-1

2020-12-17 13:32:38,927 INFO PERFORMANCE:|2|2|-1|-1

2020-12-17 13:37:38,929 INFO PERFORMANCE:|2|2|-1|-1

2020-12-17 13:42:38,930 INFO PERFORMANCE:|2|2|-1|-1

2020-12-17 13:47:38,930 INFO PERFORMANCE:|2|2|-1|-1

2020-12-17 13:52:38,932 INFO PERFORMANCE:|2|2|-1|-1

2020-12-17 13:57:38,934 INFO PERFORMANCE:|2|2|-1|-1

2020-12-17 14:02:38,935 INFO PERFORMANCE:|2|2|-1|-1

2020-12-17 14:07:38,936 INFO PERFORMANCE:|2|2|-1|-1

2020-12-17 14:12:38,938 INFO PERFORMANCE:|2|2|-1|-1

2020-12-17 14:17:38,938 INFO PERFORMANCE:|2|2|-1|-1

2020-12-17 14:22:38,940 INFO PERFORMANCE:|2|2|-1|-1

2020-12-17 14:27:38,941 INFO PERFORMANCE:|2|1|20|20

2020-12-17 14:32:38,942 INFO PERFORMANCE:|2|2|-1|-1

2020-12-17 14:53:27,894 INFO PERFORMANCE:|1|1|-1|-1

2020-12-17 14:58:27,895 INFO PERFORMANCE:|1|1|-1|-1

2020-12-17 15:03:27,897 INFO PERFORMANCE:|1|1|-1|-1

2020-12-17 15:08:27,898 INFO PERFORMANCE:|1|1|-1|-1

2020-12-17 15:13:27,899 INFO PERFORMANCE:|2|2|-1|-1

2020-12-17 15:18:27,901 INFO PERFORMANCE:|2|2|-1|-1

2020-12-17 15:23:27,902 INFO PERFORMANCE:|2|2|-1|-1

2020-12-17 15:28:27,904 INFO PERFORMANCE:|2|2|-1|-1

2020-12-17 15:33:27,905 INFO PERFORMANCE:|2|2|-1|-1

2020-12-17 15:38:27,907 INFO PERFORMANCE:|2|2|-1|-1

2020-12-17 15:43:27,909 INFO PERFORMANCE:|2|2|-1|-1

